<?xml version="1.0" encoding="UTF-8"?>
<!-- Generated by org.testng.reporters.JUnitXMLReporter -->
<testsuite hostname="DESKTOP-JF" ignored="0" name="Command line test" tests="25" failures="0" timestamp="01 mar 2020 18:45:07 GMT" time="0.106" errors="0">
  <testcase name="testDivide" time="0.002" classname="ap.TestCalculator"/>
  <testcase name="testDivide" time="0.0" classname="ap.TestCalculator"/>
  <testcase name="testDivide" time="0.0" classname="ap.TestCalculator"/>
  <testcase name="testDivide" time="0.0" classname="ap.TestCalculator"/>
  <testcase name="testDivide" time="0.001" classname="ap.TestCalculator"/>
  <testcase name="testDivideWhenDivisorIsZero" time="0.0" classname="ap.TestCalculator"/>
  <testcase name="testDivideWhenDivisorIsZero" time="0.001" classname="ap.TestCalculator"/>
  <testcase name="testDivideWhenDivisorIsZero" time="0.0" classname="ap.TestCalculator"/>
  <testcase name="testDivideWhenDivisorIsZero" time="0.0" classname="ap.TestCalculator"/>
  <testcase name="testDivideWhenDivisorIsZero2" time="0.043" classname="ap.TestCalculator"/>
  <testcase name="testSum" time="0.0" classname="ap.TestCalculator"/>
  <testcase name="testSum" time="0.001" classname="ap.TestCalculator"/>
  <testcase name="testSum" time="0.0" classname="ap.TestCalculator"/>
  <testcase name="testSum" time="0.001" classname="ap.TestCalculator"/>
  <testcase name="testSum" time="0.0" classname="ap.TestCalculator"/>
  <testcase name="testSum" time="0.0" classname="ap.TestCalculator"/>
  <testcase name="testSum" time="0.0" classname="ap.TestCalculator"/>
  <testcase name="testInvalidConstructor" time="0.0" classname="ap.TestCalculatorConstructor"/>
  <testcase name="testInvalidConstructor" time="0.0" classname="ap.TestCalculatorConstructor"/>
  <testcase name="testInvalidConstructor" time="0.0" classname="ap.TestCalculatorConstructor"/>
  <testcase name="testInvalidConstructor" time="0.0" classname="ap.TestCalculatorConstructor"/>
  <testcase name="testValidConstructor" time="0.0" classname="ap.TestCalculatorConstructor"/>
  <testcase name="testValidConstructor" time="0.0" classname="ap.TestCalculatorConstructor"/>
  <testcase name="testValidConstructor" time="0.0" classname="ap.TestCalculatorConstructor"/>
  <testcase name="testValidConstructor" time="0.0" classname="ap.TestCalculatorConstructor"/>
</testsuite> <!-- Command line test -->
