<?xml version="1.0" encoding="UTF-8" ?>
<testsuite tests="25" failures="0" name="TestSuite" time="0.051" errors="0" skipped="0">
  <properties>
[...]
</properties>
  <testcase classname="ap.TestCalculator" name="testDivide" time="0.005"/>
  <testcase classname="ap.TestCalculator" name="testDivide" time="0"/>
  <testcase classname="ap.TestCalculator" name="testDivide" time="0"/>
  <testcase classname="ap.TestCalculator" name="testDivide" time="0"/>
  <testcase classname="ap.TestCalculator" name="testDivide" time="0"/>
  <testcase classname="ap.TestCalculator" name="testDivideWhenDivisorIsZero" time="0"/>
  <testcase classname="ap.TestCalculator" name="testDivideWhenDivisorIsZero" time="0"/>
  <testcase classname="ap.TestCalculator" name="testDivideWhenDivisorIsZero" time="0"/>
  <testcase classname="ap.TestCalculator" name="testDivideWhenDivisorIsZero" time="0"/>
  <testcase classname="ap.TestCalculator" name="testDivideWhenDivisorIsZero2" time="0.044"/>
  <testcase classname="ap.TestCalculator" name="testSum" time="0"/>
  <testcase classname="ap.TestCalculator" name="testSum" time="0"/>
  <testcase classname="ap.TestCalculator" name="testSum" time="0"/>
  <testcase classname="ap.TestCalculator" name="testSum" time="0"/>
  <testcase classname="ap.TestCalculator" name="testSum" time="0"/>
  <testcase classname="ap.TestCalculator" name="testSum" time="0"/>
  <testcase classname="ap.TestCalculator" name="testSum" time="0"/>
  <testcase classname="ap.TestCalculatorConstructor" name="testInvalidConstructor" time="0.001"/>
  <testcase classname="ap.TestCalculatorConstructor" name="testInvalidConstructor" time="0"/>
  <testcase classname="ap.TestCalculatorConstructor" name="testInvalidConstructor" time="0"/>
  <testcase classname="ap.TestCalculatorConstructor" name="testInvalidConstructor" time="0.001"/>
  <testcase classname="ap.TestCalculatorConstructor" name="testValidConstructor" time="0"/>
  <testcase classname="ap.TestCalculatorConstructor" name="testValidConstructor" time="0"/>
  <testcase classname="ap.TestCalculatorConstructor" name="testValidConstructor" time="0"/>
  <testcase classname="ap.TestCalculatorConstructor" name="testValidConstructor" time="0"/>
</testsuite>